Compilation failed:
    source file: '/Users/vedant_j/opencv-4.5.0/build/CMakeFiles/CMakeTmp/src.cxx'
    check option: ''
===== BUILD LOG =====
Change Dir: /Users/vedant_j/opencv-4.5.0/build/CMakeFiles/CMakeTmp

Run Build Command(s):/usr/bin/make -f Makefile cmTC_7c18b/fast && /Library/Developer/CommandLineTools/usr/bin/make  -f CMakeFiles/cmTC_7c18b.dir/build.make CMakeFiles/cmTC_7c18b.dir/build
Building CXX object CMakeFiles/cmTC_7c18b.dir/src.cxx.o
/Library/Developer/CommandLineTools/usr/bin/c++   -O3 -DNDEBUG -arch arm64 -isysroot /Library/Developer/CommandLineTools/SDKs/MacOSX13.3.sdk -fPIE -std=c++11 -MD -MT CMakeFiles/cmTC_7c18b.dir/src.cxx.o -MF CMakeFiles/cmTC_7c18b.dir/src.cxx.o.d -o CMakeFiles/cmTC_7c18b.dir/src.cxx.o -c /Users/vedant_j/opencv-4.5.0/build/CMakeFiles/CMakeTmp/src.cxx
Linking CXX executable cmTC_7c18b
/opt/homebrew/Cellar/cmake/3.25.2/bin/cmake -E cmake_link_script CMakeFiles/cmTC_7c18b.dir/link.txt --verbose=1
/Library/Developer/CommandLineTools/usr/bin/c++ -O3 -DNDEBUG -arch arm64 -isysroot /Library/Developer/CommandLineTools/SDKs/MacOSX13.3.sdk -Wl,-search_paths_first -Wl,-headerpad_max_install_names  -Wl,--as-needed  CMakeFiles/cmTC_7c18b.dir/src.cxx.o -o cmTC_7c18b 
ld: unknown option: --as-needed
clang: error: linker command failed with exit code 1 (use -v to see invocation)
make[1]: *** [cmTC_7c18b] Error 1
make: *** [cmTC_7c18b/fast] Error 2


===== END =====

Determining if the include file malloc.h exists failed with the following output:
Change Dir: /Users/vedant_j/opencv-4.5.0/build/CMakeFiles/CMakeScratch/TryCompile-RXa79b

Run Build Command(s):/usr/bin/make -f Makefile cmTC_b40e7/fast && /Library/Developer/CommandLineTools/usr/bin/make  -f CMakeFiles/cmTC_b40e7.dir/build.make CMakeFiles/cmTC_b40e7.dir/build
Building C object CMakeFiles/cmTC_b40e7.dir/CheckIncludeFile.c.o
/Library/Developer/CommandLineTools/usr/bin/cc   -fsigned-char -W -Wall -Werror=return-type -Werror=non-virtual-dtor -Werror=address -Werror=sequence-point -Wformat -Werror=format-security -Wmissing-declarations -Wmissing-prototypes -Wstrict-prototypes -Wundef -Winit-self -Wpointer-arith -Wshadow -Wsign-promo -Wuninitialized -Winit-self -Wno-delete-non-virtual-dtor -Wno-unnamed-type-template-args -Wno-comment -Wno-deprecated-enum-enum-conversion -Wno-deprecated-anon-enum-enum-conversion -fdiagnostics-show-option -Qunused-arguments -Wno-semicolon-before-method-body -ffunction-sections -fdata-sections    -fvisibility=hidden -fvisibility-inlines-hidden  -O3 -DNDEBUG  -DNDEBUG -arch arm64 -isysroot /Library/Developer/CommandLineTools/SDKs/MacOSX13.3.sdk -fPIE -MD -MT CMakeFiles/cmTC_b40e7.dir/CheckIncludeFile.c.o -MF CMakeFiles/cmTC_b40e7.dir/CheckIncludeFile.c.o.d -o CMakeFiles/cmTC_b40e7.dir/CheckIncludeFile.c.o -c /Users/vedant_j/opencv-4.5.0/build/CMakeFiles/CMakeScratch/TryCompile-RXa79b/CheckIncludeFile.c
/Users/vedant_j/opencv-4.5.0/build/CMakeFiles/CMakeScratch/TryCompile-RXa79b/CheckIncludeFile.c:1:10: fatal error: 'malloc.h' file not found
#include <malloc.h>
         ^~~~~~~~~~
1 error generated.
make[1]: *** [CMakeFiles/cmTC_b40e7.dir/CheckIncludeFile.c.o] Error 1
make: *** [cmTC_b40e7/fast] Error 2



Determining size of off64_t failed with the following output:
Change Dir: /Users/vedant_j/opencv-4.5.0/build/CMakeFiles/CMakeScratch/TryCompile-33Oghv

Run Build Command(s):/usr/bin/make -f Makefile cmTC_4f560/fast && /Library/Developer/CommandLineTools/usr/bin/make  -f CMakeFiles/cmTC_4f560.dir/build.make CMakeFiles/cmTC_4f560.dir/build
Building C object CMakeFiles/cmTC_4f560.dir/OFF64_T.c.o
/Library/Developer/CommandLineTools/usr/bin/cc   -fsigned-char -W -Wall -Werror=return-type -Werror=non-virtual-dtor -Werror=address -Werror=sequence-point -Wformat -Werror=format-security -Wmissing-declarations -Wmissing-prototypes -Wstrict-prototypes -Wundef -Winit-self -Wpointer-arith -Wshadow -Wsign-promo -Wuninitialized -Winit-self -Wno-delete-non-virtual-dtor -Wno-unnamed-type-template-args -Wno-comment -Wno-deprecated-enum-enum-conversion -Wno-deprecated-anon-enum-enum-conversion -fdiagnostics-show-option -Qunused-arguments -Wno-semicolon-before-method-body -ffunction-sections -fdata-sections    -fvisibility=hidden -fvisibility-inlines-hidden  -O3 -DNDEBUG  -DNDEBUG -arch arm64 -isysroot /Library/Developer/CommandLineTools/SDKs/MacOSX13.3.sdk -fPIE -MD -MT CMakeFiles/cmTC_4f560.dir/OFF64_T.c.o -MF CMakeFiles/cmTC_4f560.dir/OFF64_T.c.o.d -o CMakeFiles/cmTC_4f560.dir/OFF64_T.c.o -c /Users/vedant_j/opencv-4.5.0/build/CMakeFiles/CMakeScratch/TryCompile-33Oghv/OFF64_T.c
/Users/vedant_j/opencv-4.5.0/build/CMakeFiles/CMakeScratch/TryCompile-33Oghv/OFF64_T.c:29:12: error: use of undeclared identifier 'off64_t'
  ('0' + ((SIZE / 10000)%10)),
           ^
/Users/vedant_j/opencv-4.5.0/build/CMakeFiles/CMakeScratch/TryCompile-33Oghv/OFF64_T.c:27:22: note: expanded from macro 'SIZE'
#define SIZE (sizeof(off64_t))
                     ^
/Users/vedant_j/opencv-4.5.0/build/CMakeFiles/CMakeScratch/TryCompile-33Oghv/OFF64_T.c:30:12: error: use of undeclared identifier 'off64_t'
  ('0' + ((SIZE / 1000)%10)),
           ^
/Users/vedant_j/opencv-4.5.0/build/CMakeFiles/CMakeScratch/TryCompile-33Oghv/OFF64_T.c:27:22: note: expanded from macro 'SIZE'
#define SIZE (sizeof(off64_t))
                     ^
/Users/vedant_j/opencv-4.5.0/build/CMakeFiles/CMakeScratch/TryCompile-33Oghv/OFF64_T.c:31:12: error: use of undeclared identifier 'off64_t'
  ('0' + ((SIZE / 100)%10)),
           ^
/Users/vedant_j/opencv-4.5.0/build/CMakeFiles/CMakeScratch/TryCompile-33Oghv/OFF64_T.c:27:22: note: expanded from macro 'SIZE'
#define SIZE (sizeof(off64_t))
                     ^
/Users/vedant_j/opencv-4.5.0/build/CMakeFiles/CMakeScratch/TryCompile-33Oghv/OFF64_T.c:32:12: error: use of undeclared identifier 'off64_t'
  ('0' + ((SIZE / 10)%10)),
           ^
/Users/vedant_j/opencv-4.5.0/build/CMakeFiles/CMakeScratch/TryCompile-33Oghv/OFF64_T.c:27:22: note: expanded from macro 'SIZE'
#define SIZE (sizeof(off64_t))
                     ^
/Users/vedant_j/opencv-4.5.0/build/CMakeFiles/CMakeScratch/TryCompile-33Oghv/OFF64_T.c:33:12: error: use of undeclared identifier 'off64_t'
  ('0' +  (SIZE    % 10)),
           ^
/Users/vedant_j/opencv-4.5.0/build/CMakeFiles/CMakeScratch/TryCompile-33Oghv/OFF64_T.c:27:22: note: expanded from macro 'SIZE'
#define SIZE (sizeof(off64_t))
                     ^
5 errors generated.
make[1]: *** [CMakeFiles/cmTC_4f560.dir/OFF64_T.c.o] Error 1
make: *** [cmTC_4f560/fast] Error 2


OFF64_T.c:
#include <sys/types.h>
#include <stdint.h>
#include <stddef.h>


#undef KEY
#if defined(__i386)
# define KEY '_','_','i','3','8','6'
#elif defined(__x86_64)
# define KEY '_','_','x','8','6','_','6','4'
#elif defined(__PPC64__)
# define KEY '_','_','P','P','C','6','4','_','_'
#elif defined(__ppc64__)
# define KEY '_','_','p','p','c','6','4','_','_'
#elif defined(__PPC__)
# define KEY '_','_','P','P','C','_','_'
#elif defined(__ppc__)
# define KEY '_','_','p','p','c','_','_'
#elif defined(__aarch64__)
# define KEY '_','_','a','a','r','c','h','6','4','_','_'
#elif defined(__ARM_ARCH_7A__)
# define KEY '_','_','A','R','M','_','A','R','C','H','_','7','A','_','_'
#elif defined(__ARM_ARCH_7S__)
# define KEY '_','_','A','R','M','_','A','R','C','H','_','7','S','_','_'
#endif

#define SIZE (sizeof(off64_t))
static char info_size[] =  {'I', 'N', 'F', 'O', ':', 's','i','z','e','[',
  ('0' + ((SIZE / 10000)%10)),
  ('0' + ((SIZE / 1000)%10)),
  ('0' + ((SIZE / 100)%10)),
  ('0' + ((SIZE / 10)%10)),
  ('0' +  (SIZE    % 10)),
  ']',
#ifdef KEY
  ' ','k','e','y','[', KEY, ']',
#endif
  '\0'};

#ifdef __CLASSIC_C__
int main(argc, argv) int argc; char *argv[];
#else
int main(int argc, char *argv[])
#endif
{
  int require = 0;
  require += info_size[argc];
  (void)argv;
  return require;
}


Determining if the include file io.h exists failed with the following output:
Change Dir: /Users/vedant_j/opencv-4.5.0/build/CMakeFiles/CMakeScratch/TryCompile-Bbaujl

Run Build Command(s):/usr/bin/make -f Makefile cmTC_cfe84/fast && /Library/Developer/CommandLineTools/usr/bin/make  -f CMakeFiles/cmTC_cfe84.dir/build.make CMakeFiles/cmTC_cfe84.dir/build
Building C object CMakeFiles/cmTC_cfe84.dir/CheckIncludeFile.c.o
/Library/Developer/CommandLineTools/usr/bin/cc   -fsigned-char -W -Wall -Werror=return-type -Werror=non-virtual-dtor -Werror=address -Werror=sequence-point -Wformat -Werror=format-security -Wmissing-declarations -Wmissing-prototypes -Wstrict-prototypes -Wundef -Winit-self -Wpointer-arith -Wshadow -Wsign-promo -Wuninitialized -Winit-self -Wno-delete-non-virtual-dtor -Wno-unnamed-type-template-args -Wno-comment -Wno-deprecated-enum-enum-conversion -Wno-deprecated-anon-enum-enum-conversion -fdiagnostics-show-option -Qunused-arguments -Wno-semicolon-before-method-body -ffunction-sections -fdata-sections    -fvisibility=hidden -fvisibility-inlines-hidden  -O3 -DNDEBUG  -DNDEBUG -arch arm64 -isysroot /Library/Developer/CommandLineTools/SDKs/MacOSX13.3.sdk -fPIE -MD -MT CMakeFiles/cmTC_cfe84.dir/CheckIncludeFile.c.o -MF CMakeFiles/cmTC_cfe84.dir/CheckIncludeFile.c.o.d -o CMakeFiles/cmTC_cfe84.dir/CheckIncludeFile.c.o -c /Users/vedant_j/opencv-4.5.0/build/CMakeFiles/CMakeScratch/TryCompile-Bbaujl/CheckIncludeFile.c
/Users/vedant_j/opencv-4.5.0/build/CMakeFiles/CMakeScratch/TryCompile-Bbaujl/CheckIncludeFile.c:1:10: fatal error: 'io.h' file not found
#include <io.h>
         ^~~~~~
1 error generated.
make[1]: *** [CMakeFiles/cmTC_cfe84.dir/CheckIncludeFile.c.o] Error 1
make: *** [cmTC_cfe84/fast] Error 2



Determining size of INT8 failed with the following output:
Change Dir: /Users/vedant_j/opencv-4.5.0/build/CMakeFiles/CMakeScratch/TryCompile-L73Z1o

Run Build Command(s):/usr/bin/make -f Makefile cmTC_5dcdb/fast && /Library/Developer/CommandLineTools/usr/bin/make  -f CMakeFiles/cmTC_5dcdb.dir/build.make CMakeFiles/cmTC_5dcdb.dir/build
Building C object CMakeFiles/cmTC_5dcdb.dir/int8.c.o
/Library/Developer/CommandLineTools/usr/bin/cc   -fsigned-char -W -Wall -Werror=return-type -Werror=non-virtual-dtor -Werror=address -Werror=sequence-point -Wformat -Werror=format-security -Wmissing-declarations -Wmissing-prototypes -Wstrict-prototypes -Wundef -Winit-self -Wpointer-arith -Wshadow -Wsign-promo -Wuninitialized -Winit-self -Wno-delete-non-virtual-dtor -Wno-unnamed-type-template-args -Wno-comment -Wno-deprecated-enum-enum-conversion -Wno-deprecated-anon-enum-enum-conversion -fdiagnostics-show-option -Qunused-arguments -Wno-semicolon-before-method-body -ffunction-sections -fdata-sections    -fvisibility=hidden -fvisibility-inlines-hidden  -O3 -DNDEBUG  -DNDEBUG -arch arm64 -isysroot /Library/Developer/CommandLineTools/SDKs/MacOSX13.3.sdk -fPIE -MD -MT CMakeFiles/cmTC_5dcdb.dir/int8.c.o -MF CMakeFiles/cmTC_5dcdb.dir/int8.c.o.d -o CMakeFiles/cmTC_5dcdb.dir/int8.c.o -c /Users/vedant_j/opencv-4.5.0/build/CMakeFiles/CMakeScratch/TryCompile-L73Z1o/int8.c
/Users/vedant_j/opencv-4.5.0/build/CMakeFiles/CMakeScratch/TryCompile-L73Z1o/int8.c:29:12: error: use of undeclared identifier 'INT8'
  ('0' + ((SIZE / 10000)%10)),
           ^
/Users/vedant_j/opencv-4.5.0/build/CMakeFiles/CMakeScratch/TryCompile-L73Z1o/int8.c:27:22: note: expanded from macro 'SIZE'
#define SIZE (sizeof(INT8))
                     ^
/Users/vedant_j/opencv-4.5.0/build/CMakeFiles/CMakeScratch/TryCompile-L73Z1o/int8.c:30:12: error: use of undeclared identifier 'INT8'
  ('0' + ((SIZE / 1000)%10)),
           ^
/Users/vedant_j/opencv-4.5.0/build/CMakeFiles/CMakeScratch/TryCompile-L73Z1o/int8.c:27:22: note: expanded from macro 'SIZE'
#define SIZE (sizeof(INT8))
                     ^
/Users/vedant_j/opencv-4.5.0/build/CMakeFiles/CMakeScratch/TryCompile-L73Z1o/int8.c:31:12: error: use of undeclared identifier 'INT8'
  ('0' + ((SIZE / 100)%10)),
           ^
/Users/vedant_j/opencv-4.5.0/build/CMakeFiles/CMakeScratch/TryCompile-L73Z1o/int8.c:27:22: note: expanded from macro 'SIZE'
#define SIZE (sizeof(INT8))
                     ^
/Users/vedant_j/opencv-4.5.0/build/CMakeFiles/CMakeScratch/TryCompile-L73Z1o/int8.c:32:12: error: use of undeclared identifier 'INT8'
  ('0' + ((SIZE / 10)%10)),
           ^
/Users/vedant_j/opencv-4.5.0/build/CMakeFiles/CMakeScratch/TryCompile-L73Z1o/int8.c:27:22: note: expanded from macro 'SIZE'
#define SIZE (sizeof(INT8))
                     ^
/Users/vedant_j/opencv-4.5.0/build/CMakeFiles/CMakeScratch/TryCompile-L73Z1o/int8.c:33:12: error: use of undeclared identifier 'INT8'
  ('0' +  (SIZE    % 10)),
           ^
/Users/vedant_j/opencv-4.5.0/build/CMakeFiles/CMakeScratch/TryCompile-L73Z1o/int8.c:27:22: note: expanded from macro 'SIZE'
#define SIZE (sizeof(INT8))
                     ^
5 errors generated.
make[1]: *** [CMakeFiles/cmTC_5dcdb.dir/int8.c.o] Error 1
make: *** [cmTC_5dcdb/fast] Error 2


int8.c:
#include <sys/types.h>
#include <stdint.h>
#include <stddef.h>


#undef KEY
#if defined(__i386)
# define KEY '_','_','i','3','8','6'
#elif defined(__x86_64)
# define KEY '_','_','x','8','6','_','6','4'
#elif defined(__PPC64__)
# define KEY '_','_','P','P','C','6','4','_','_'
#elif defined(__ppc64__)
# define KEY '_','_','p','p','c','6','4','_','_'
#elif defined(__PPC__)
# define KEY '_','_','P','P','C','_','_'
#elif defined(__ppc__)
# define KEY '_','_','p','p','c','_','_'
#elif defined(__aarch64__)
# define KEY '_','_','a','a','r','c','h','6','4','_','_'
#elif defined(__ARM_ARCH_7A__)
# define KEY '_','_','A','R','M','_','A','R','C','H','_','7','A','_','_'
#elif defined(__ARM_ARCH_7S__)
# define KEY '_','_','A','R','M','_','A','R','C','H','_','7','S','_','_'
#endif

#define SIZE (sizeof(INT8))
static char info_size[] =  {'I', 'N', 'F', 'O', ':', 's','i','z','e','[',
  ('0' + ((SIZE / 10000)%10)),
  ('0' + ((SIZE / 1000)%10)),
  ('0' + ((SIZE / 100)%10)),
  ('0' + ((SIZE / 10)%10)),
  ('0' +  (SIZE    % 10)),
  ']',
#ifdef KEY
  ' ','k','e','y','[', KEY, ']',
#endif
  '\0'};

#ifdef __CLASSIC_C__
int main(argc, argv) int argc; char *argv[];
#else
int main(int argc, char *argv[])
#endif
{
  int require = 0;
  require += info_size[argc];
  (void)argv;
  return require;
}


Determining size of INT16 failed with the following output:
Change Dir: /Users/vedant_j/opencv-4.5.0/build/CMakeFiles/CMakeScratch/TryCompile-nHN41U

Run Build Command(s):/usr/bin/make -f Makefile cmTC_dfbc6/fast && /Library/Developer/CommandLineTools/usr/bin/make  -f CMakeFiles/cmTC_dfbc6.dir/build.make CMakeFiles/cmTC_dfbc6.dir/build
Building C object CMakeFiles/cmTC_dfbc6.dir/int16.c.o
/Library/Developer/CommandLineTools/usr/bin/cc   -fsigned-char -W -Wall -Werror=return-type -Werror=non-virtual-dtor -Werror=address -Werror=sequence-point -Wformat -Werror=format-security -Wmissing-declarations -Wmissing-prototypes -Wstrict-prototypes -Wundef -Winit-self -Wpointer-arith -Wshadow -Wsign-promo -Wuninitialized -Winit-self -Wno-delete-non-virtual-dtor -Wno-unnamed-type-template-args -Wno-comment -Wno-deprecated-enum-enum-conversion -Wno-deprecated-anon-enum-enum-conversion -fdiagnostics-show-option -Qunused-arguments -Wno-semicolon-before-method-body -ffunction-sections -fdata-sections    -fvisibility=hidden -fvisibility-inlines-hidden  -O3 -DNDEBUG  -DNDEBUG -arch arm64 -isysroot /Library/Developer/CommandLineTools/SDKs/MacOSX13.3.sdk -fPIE -MD -MT CMakeFiles/cmTC_dfbc6.dir/int16.c.o -MF CMakeFiles/cmTC_dfbc6.dir/int16.c.o.d -o CMakeFiles/cmTC_dfbc6.dir/int16.c.o -c /Users/vedant_j/opencv-4.5.0/build/CMakeFiles/CMakeScratch/TryCompile-nHN41U/int16.c
/Users/vedant_j/opencv-4.5.0/build/CMakeFiles/CMakeScratch/TryCompile-nHN41U/int16.c:29:12: error: use of undeclared identifier 'INT16'
  ('0' + ((SIZE / 10000)%10)),
           ^
/Users/vedant_j/opencv-4.5.0/build/CMakeFiles/CMakeScratch/TryCompile-nHN41U/int16.c:27:22: note: expanded from macro 'SIZE'
#define SIZE (sizeof(INT16))
                     ^
/Users/vedant_j/opencv-4.5.0/build/CMakeFiles/CMakeScratch/TryCompile-nHN41U/int16.c:30:12: error: use of undeclared identifier 'INT16'
  ('0' + ((SIZE / 1000)%10)),
           ^
/Users/vedant_j/opencv-4.5.0/build/CMakeFiles/CMakeScratch/TryCompile-nHN41U/int16.c:27:22: note: expanded from macro 'SIZE'
#define SIZE (sizeof(INT16))
                     ^
/Users/vedant_j/opencv-4.5.0/build/CMakeFiles/CMakeScratch/TryCompile-nHN41U/int16.c:31:12: error: use of undeclared identifier 'INT16'
  ('0' + ((SIZE / 100)%10)),
           ^
/Users/vedant_j/opencv-4.5.0/build/CMakeFiles/CMakeScratch/TryCompile-nHN41U/int16.c:27:22: note: expanded from macro 'SIZE'
#define SIZE (sizeof(INT16))
                     ^
/Users/vedant_j/opencv-4.5.0/build/CMakeFiles/CMakeScratch/TryCompile-nHN41U/int16.c:32:12: error: use of undeclared identifier 'INT16'
  ('0' + ((SIZE / 10)%10)),
           ^
/Users/vedant_j/opencv-4.5.0/build/CMakeFiles/CMakeScratch/TryCompile-nHN41U/int16.c:27:22: note: expanded from macro 'SIZE'
#define SIZE (sizeof(INT16))
                     ^
/Users/vedant_j/opencv-4.5.0/build/CMakeFiles/CMakeScratch/TryCompile-nHN41U/int16.c:33:12: error: use of undeclared identifier 'INT16'
  ('0' +  (SIZE    % 10)),
           ^
/Users/vedant_j/opencv-4.5.0/build/CMakeFiles/CMakeScratch/TryCompile-nHN41U/int16.c:27:22: note: expanded from macro 'SIZE'
#define SIZE (sizeof(INT16))
                     ^
5 errors generated.
make[1]: *** [CMakeFiles/cmTC_dfbc6.dir/int16.c.o] Error 1
make: *** [cmTC_dfbc6/fast] Error 2


int16.c:
#include <sys/types.h>
#include <stdint.h>
#include <stddef.h>


#undef KEY
#if defined(__i386)
# define KEY '_','_','i','3','8','6'
#elif defined(__x86_64)
# define KEY '_','_','x','8','6','_','6','4'
#elif defined(__PPC64__)
# define KEY '_','_','P','P','C','6','4','_','_'
#elif defined(__ppc64__)
# define KEY '_','_','p','p','c','6','4','_','_'
#elif defined(__PPC__)
# define KEY '_','_','P','P','C','_','_'
#elif defined(__ppc__)
# define KEY '_','_','p','p','c','_','_'
#elif defined(__aarch64__)
# define KEY '_','_','a','a','r','c','h','6','4','_','_'
#elif defined(__ARM_ARCH_7A__)
# define KEY '_','_','A','R','M','_','A','R','C','H','_','7','A','_','_'
#elif defined(__ARM_ARCH_7S__)
# define KEY '_','_','A','R','M','_','A','R','C','H','_','7','S','_','_'
#endif

#define SIZE (sizeof(INT16))
static char info_size[] =  {'I', 'N', 'F', 'O', ':', 's','i','z','e','[',
  ('0' + ((SIZE / 10000)%10)),
  ('0' + ((SIZE / 1000)%10)),
  ('0' + ((SIZE / 100)%10)),
  ('0' + ((SIZE / 10)%10)),
  ('0' +  (SIZE    % 10)),
  ']',
#ifdef KEY
  ' ','k','e','y','[', KEY, ']',
#endif
  '\0'};

#ifdef __CLASSIC_C__
int main(argc, argv) int argc; char *argv[];
#else
int main(int argc, char *argv[])
#endif
{
  int require = 0;
  require += info_size[argc];
  (void)argv;
  return require;
}


Determining size of INT32 failed with the following output:
Change Dir: /Users/vedant_j/opencv-4.5.0/build/CMakeFiles/CMakeScratch/TryCompile-Hnig33

Run Build Command(s):/usr/bin/make -f Makefile cmTC_3e23a/fast && /Library/Developer/CommandLineTools/usr/bin/make  -f CMakeFiles/cmTC_3e23a.dir/build.make CMakeFiles/cmTC_3e23a.dir/build
Building C object CMakeFiles/cmTC_3e23a.dir/int32.c.o
/Library/Developer/CommandLineTools/usr/bin/cc   -fsigned-char -W -Wall -Werror=return-type -Werror=non-virtual-dtor -Werror=address -Werror=sequence-point -Wformat -Werror=format-security -Wmissing-declarations -Wmissing-prototypes -Wstrict-prototypes -Wundef -Winit-self -Wpointer-arith -Wshadow -Wsign-promo -Wuninitialized -Winit-self -Wno-delete-non-virtual-dtor -Wno-unnamed-type-template-args -Wno-comment -Wno-deprecated-enum-enum-conversion -Wno-deprecated-anon-enum-enum-conversion -fdiagnostics-show-option -Qunused-arguments -Wno-semicolon-before-method-body -ffunction-sections -fdata-sections    -fvisibility=hidden -fvisibility-inlines-hidden  -O3 -DNDEBUG  -DNDEBUG -arch arm64 -isysroot /Library/Developer/CommandLineTools/SDKs/MacOSX13.3.sdk -fPIE -MD -MT CMakeFiles/cmTC_3e23a.dir/int32.c.o -MF CMakeFiles/cmTC_3e23a.dir/int32.c.o.d -o CMakeFiles/cmTC_3e23a.dir/int32.c.o -c /Users/vedant_j/opencv-4.5.0/build/CMakeFiles/CMakeScratch/TryCompile-Hnig33/int32.c
/Users/vedant_j/opencv-4.5.0/build/CMakeFiles/CMakeScratch/TryCompile-Hnig33/int32.c:29:12: error: use of undeclared identifier 'INT32'
  ('0' + ((SIZE / 10000)%10)),
           ^
/Users/vedant_j/opencv-4.5.0/build/CMakeFiles/CMakeScratch/TryCompile-Hnig33/int32.c:27:22: note: expanded from macro 'SIZE'
#define SIZE (sizeof(INT32))
                     ^
/Users/vedant_j/opencv-4.5.0/build/CMakeFiles/CMakeScratch/TryCompile-Hnig33/int32.c:30:12: error: use of undeclared identifier 'INT32'
  ('0' + ((SIZE / 1000)%10)),
           ^
/Users/vedant_j/opencv-4.5.0/build/CMakeFiles/CMakeScratch/TryCompile-Hnig33/int32.c:27:22: note: expanded from macro 'SIZE'
#define SIZE (sizeof(INT32))
                     ^
/Users/vedant_j/opencv-4.5.0/build/CMakeFiles/CMakeScratch/TryCompile-Hnig33/int32.c:31:12: error: use of undeclared identifier 'INT32'
  ('0' + ((SIZE / 100)%10)),
           ^
/Users/vedant_j/opencv-4.5.0/build/CMakeFiles/CMakeScratch/TryCompile-Hnig33/int32.c:27:22: note: expanded from macro 'SIZE'
#define SIZE (sizeof(INT32))
                     ^
/Users/vedant_j/opencv-4.5.0/build/CMakeFiles/CMakeScratch/TryCompile-Hnig33/int32.c:32:12: error: use of undeclared identifier 'INT32'
  ('0' + ((SIZE / 10)%10)),
           ^
/Users/vedant_j/opencv-4.5.0/build/CMakeFiles/CMakeScratch/TryCompile-Hnig33/int32.c:27:22: note: expanded from macro 'SIZE'
#define SIZE (sizeof(INT32))
                     ^
/Users/vedant_j/opencv-4.5.0/build/CMakeFiles/CMakeScratch/TryCompile-Hnig33/int32.c:33:12: error: use of undeclared identifier 'INT32'
  ('0' +  (SIZE    % 10)),
           ^
/Users/vedant_j/opencv-4.5.0/build/CMakeFiles/CMakeScratch/TryCompile-Hnig33/int32.c:27:22: note: expanded from macro 'SIZE'
#define SIZE (sizeof(INT32))
                     ^
5 errors generated.
make[1]: *** [CMakeFiles/cmTC_3e23a.dir/int32.c.o] Error 1
make: *** [cmTC_3e23a/fast] Error 2


int32.c:
#include <sys/types.h>
#include <stdint.h>
#include <stddef.h>


#undef KEY
#if defined(__i386)
# define KEY '_','_','i','3','8','6'
#elif defined(__x86_64)
# define KEY '_','_','x','8','6','_','6','4'
#elif defined(__PPC64__)
# define KEY '_','_','P','P','C','6','4','_','_'
#elif defined(__ppc64__)
# define KEY '_','_','p','p','c','6','4','_','_'
#elif defined(__PPC__)
# define KEY '_','_','P','P','C','_','_'
#elif defined(__ppc__)
# define KEY '_','_','p','p','c','_','_'
#elif defined(__aarch64__)
# define KEY '_','_','a','a','r','c','h','6','4','_','_'
#elif defined(__ARM_ARCH_7A__)
# define KEY '_','_','A','R','M','_','A','R','C','H','_','7','A','_','_'
#elif defined(__ARM_ARCH_7S__)
# define KEY '_','_','A','R','M','_','A','R','C','H','_','7','S','_','_'
#endif

#define SIZE (sizeof(INT32))
static char info_size[] =  {'I', 'N', 'F', 'O', ':', 's','i','z','e','[',
  ('0' + ((SIZE / 10000)%10)),
  ('0' + ((SIZE / 1000)%10)),
  ('0' + ((SIZE / 100)%10)),
  ('0' + ((SIZE / 10)%10)),
  ('0' +  (SIZE    % 10)),
  ']',
#ifdef KEY
  ' ','k','e','y','[', KEY, ']',
#endif
  '\0'};

#ifdef __CLASSIC_C__
int main(argc, argv) int argc; char *argv[];
#else
int main(int argc, char *argv[])
#endif
{
  int require = 0;
  require += info_size[argc];
  (void)argv;
  return require;
}


Build output check failed:
    Regex: 'unknown .*option'
    Output line: 'warning: unknown warning option '-Wno-maybe-uninitialized', did you mean '-Wno-uninitialized'? [-Wunknown-warning-option]'
Compilation failed:
    source file: '/Users/vedant_j/opencv-4.5.0/build/CMakeFiles/CMakeTmp/src.c'
    check option: ' -Wno-maybe-uninitialized'
===== BUILD LOG =====
Change Dir: /Users/vedant_j/opencv-4.5.0/build/CMakeFiles/CMakeTmp

Run Build Command(s):/usr/bin/make -f Makefile cmTC_f4e30/fast && /Library/Developer/CommandLineTools/usr/bin/make  -f CMakeFiles/cmTC_f4e30.dir/build.make CMakeFiles/cmTC_f4e30.dir/build
Building C object CMakeFiles/cmTC_f4e30.dir/src.c.o
/Library/Developer/CommandLineTools/usr/bin/cc   -fsigned-char -W -Wall -Werror=return-type -Werror=non-virtual-dtor -Werror=address -Werror=sequence-point -Wformat -Werror=format-security -Wstrict-prototypes -Winit-self -Wpointer-arith -Wsign-promo -Wuninitialized -Winit-self -Wno-delete-non-virtual-dtor -Wno-unnamed-type-template-args -Wno-comment -Wno-deprecated-enum-enum-conversion -Wno-deprecated-anon-enum-enum-conversion -fdiagnostics-show-option -Qunused-arguments -Wno-semicolon-before-method-body -ffunction-sections -fdata-sections    -fvisibility=hidden -fvisibility-inlines-hidden -Wno-unused-but-set-variable -Wno-missing-prototypes -Wno-missing-declarations -Wno-undef -Wno-unused -Wno-sign-compare -Wno-cast-align -Wno-shadow  -O3 -DNDEBUG  -DNDEBUG -arch arm64 -isysroot /Library/Developer/CommandLineTools/SDKs/MacOSX13.3.sdk -fPIE    -Wno-maybe-uninitialized -MD -MT CMakeFiles/cmTC_f4e30.dir/src.c.o -MF CMakeFiles/cmTC_f4e30.dir/src.c.o.d -o CMakeFiles/cmTC_f4e30.dir/src.c.o -c /Users/vedant_j/opencv-4.5.0/build/CMakeFiles/CMakeTmp/src.c
warning: unknown warning option '-Wno-maybe-uninitialized'; did you mean '-Wno-uninitialized'? [-Wunknown-warning-option]
/Users/vedant_j/opencv-4.5.0/build/CMakeFiles/CMakeTmp/src.c:1:8: warning: unknown pragma ignored [-Wunknown-pragmas]
#pragma
       ^
2 warnings generated.
Linking C executable cmTC_f4e30
/opt/homebrew/Cellar/cmake/3.25.2/bin/cmake -E cmake_link_script CMakeFiles/cmTC_f4e30.dir/link.txt --verbose=1
/Library/Developer/CommandLineTools/usr/bin/cc    -fsigned-char -W -Wall -Werror=return-type -Werror=non-virtual-dtor -Werror=address -Werror=sequence-point -Wformat -Werror=format-security -Wstrict-prototypes -Winit-self -Wpointer-arith -Wsign-promo -Wuninitialized -Winit-self -Wno-delete-non-virtual-dtor -Wno-unnamed-type-template-args -Wno-comment -Wno-deprecated-enum-enum-conversion -Wno-deprecated-anon-enum-enum-conversion -fdiagnostics-show-option -Qunused-arguments -Wno-semicolon-before-method-body -ffunction-sections -fdata-sections    -fvisibility=hidden -fvisibility-inlines-hidden -Wno-unused-but-set-variable -Wno-missing-prototypes -Wno-missing-declarations -Wno-undef -Wno-unused -Wno-sign-compare -Wno-cast-align -Wno-shadow  -O3 -DNDEBUG  -DNDEBUG -arch arm64 -isysroot /Library/Developer/CommandLineTools/SDKs/MacOSX13.3.sdk -Wl,-search_paths_first -Wl,-headerpad_max_install_names   -Wl,-dead_strip  CMakeFiles/cmTC_f4e30.dir/src.c.o -o cmTC_f4e30 


===== END =====

Checking whether the ASM compiler is GNU using "--version" did not match "(GNU assembler)|(GCC)|(Free Software Foundation)":
Apple clang version 14.0.3 (clang-1403.0.22.14.1)
Target: arm64-apple-darwin22.6.0
Thread model: posix
InstalledDir: /Library/Developer/CommandLineTools/usr/bin
Determining if the function sgemm_ exists failed with the following output:
Change Dir: /Users/vedant_j/opencv-4.5.0/build/CMakeFiles/CMakeScratch/TryCompile-9MOJzn

Run Build Command(s):/usr/bin/make -f Makefile cmTC_273cd/fast && /Library/Developer/CommandLineTools/usr/bin/make  -f CMakeFiles/cmTC_273cd.dir/build.make CMakeFiles/cmTC_273cd.dir/build
Building C object CMakeFiles/cmTC_273cd.dir/CheckFunctionExists.c.o
/Library/Developer/CommandLineTools/usr/bin/cc   -fsigned-char -W -Wall -Werror=return-type -Werror=non-virtual-dtor -Werror=address -Werror=sequence-point -Wformat -Werror=format-security -Wmissing-declarations -Wmissing-prototypes -Wstrict-prototypes -Wundef -Winit-self -Wpointer-arith -Wshadow -Wsign-promo -Wuninitialized -Winit-self -Wno-delete-non-virtual-dtor -Wno-unnamed-type-template-args -Wno-comment -Wno-deprecated-enum-enum-conversion -Wno-deprecated-anon-enum-enum-conversion -fdiagnostics-show-option -Qunused-arguments -Wno-semicolon-before-method-body -ffunction-sections -fdata-sections    -fvisibility=hidden -fvisibility-inlines-hidden -DCHECK_FUNCTION_EXISTS=sgemm_ -O3 -DNDEBUG  -DNDEBUG -arch arm64 -isysroot /Library/Developer/CommandLineTools/SDKs/MacOSX13.3.sdk -fPIE -MD -MT CMakeFiles/cmTC_273cd.dir/CheckFunctionExists.c.o -MF CMakeFiles/cmTC_273cd.dir/CheckFunctionExists.c.o.d -o CMakeFiles/cmTC_273cd.dir/CheckFunctionExists.c.o -c /Users/vedant_j/opencv-4.5.0/build/CMakeFiles/CMakeScratch/TryCompile-9MOJzn/CheckFunctionExists.c
Linking C executable cmTC_273cd
/opt/homebrew/Cellar/cmake/3.25.2/bin/cmake -E cmake_link_script CMakeFiles/cmTC_273cd.dir/link.txt --verbose=1
/Library/Developer/CommandLineTools/usr/bin/cc    -fsigned-char -W -Wall -Werror=return-type -Werror=non-virtual-dtor -Werror=address -Werror=sequence-point -Wformat -Werror=format-security -Wmissing-declarations -Wmissing-prototypes -Wstrict-prototypes -Wundef -Winit-self -Wpointer-arith -Wshadow -Wsign-promo -Wuninitialized -Winit-self -Wno-delete-non-virtual-dtor -Wno-unnamed-type-template-args -Wno-comment -Wno-deprecated-enum-enum-conversion -Wno-deprecated-anon-enum-enum-conversion -fdiagnostics-show-option -Qunused-arguments -Wno-semicolon-before-method-body -ffunction-sections -fdata-sections    -fvisibility=hidden -fvisibility-inlines-hidden -DCHECK_FUNCTION_EXISTS=sgemm_ -O3 -DNDEBUG  -DNDEBUG -arch arm64 -isysroot /Library/Developer/CommandLineTools/SDKs/MacOSX13.3.sdk -Wl,-search_paths_first -Wl,-headerpad_max_install_names   -Wl,-dead_strip  CMakeFiles/cmTC_273cd.dir/CheckFunctionExists.c.o -o cmTC_273cd 
Undefined symbols for architecture arm64:
  "_sgemm_", referenced from:
      _main in CheckFunctionExists.c.o
ld: symbol(s) not found for architecture arm64
clang: error: linker command failed with exit code 1 (use -v to see invocation)
make[1]: *** [cmTC_273cd] Error 1
make: *** [cmTC_273cd/fast] Error 2



Determining if the CL_VERSION_3_0 exist failed with the following output:
Change Dir: /Users/vedant_j/opencv-4.5.0/build/CMakeFiles/CMakeScratch/TryCompile-zoOxPj

Run Build Command(s):/usr/bin/make -f Makefile cmTC_9ffda/fast && /Library/Developer/CommandLineTools/usr/bin/make  -f CMakeFiles/cmTC_9ffda.dir/build.make CMakeFiles/cmTC_9ffda.dir/build
Building C object CMakeFiles/cmTC_9ffda.dir/CheckSymbolExists.c.o
/Library/Developer/CommandLineTools/usr/bin/cc  -F/Library/Developer/CommandLineTools/SDKs/MacOSX13.3.sdk/System/Library/Frameworks -fsigned-char -W -Wall    -Wformat -Wmissing-declarations -Wmissing-prototypes -Wstrict-prototypes -Wundef -Winit-self -Wpointer-arith -Wshadow -Wsign-promo -Wuninitialized -Winit-self -Wno-delete-non-virtual-dtor -Wno-unnamed-type-template-args -Wno-comment -Wno-deprecated-enum-enum-conversion -Wno-deprecated-anon-enum-enum-conversion -fdiagnostics-show-option -Qunused-arguments -Wno-semicolon-before-method-body -ffunction-sections -fdata-sections    -fvisibility=hidden -fvisibility-inlines-hidden  -O3 -DNDEBUG  -DNDEBUG -arch arm64 -isysroot /Library/Developer/CommandLineTools/SDKs/MacOSX13.3.sdk -fPIE -MD -MT CMakeFiles/cmTC_9ffda.dir/CheckSymbolExists.c.o -MF CMakeFiles/cmTC_9ffda.dir/CheckSymbolExists.c.o.d -o CMakeFiles/cmTC_9ffda.dir/CheckSymbolExists.c.o -c /Users/vedant_j/opencv-4.5.0/build/CMakeFiles/CMakeScratch/TryCompile-zoOxPj/CheckSymbolExists.c
/Users/vedant_j/opencv-4.5.0/build/CMakeFiles/CMakeScratch/TryCompile-zoOxPj/CheckSymbolExists.c:8:19: error: use of undeclared identifier 'CL_VERSION_3_0'
  return ((int*)(&CL_VERSION_3_0))[argc];
                  ^
1 error generated.
make[1]: *** [CMakeFiles/cmTC_9ffda.dir/CheckSymbolExists.c.o] Error 1
make: *** [cmTC_9ffda/fast] Error 2


File CheckSymbolExists.c:
/* */
#include </Library/Developer/CommandLineTools/SDKs/MacOSX13.3.sdk/System/Library/Frameworks/OpenCL.framework/Headers/cl.h>

int main(int argc, char** argv)
{
  (void)argv;
#ifndef CL_VERSION_3_0
  return ((int*)(&CL_VERSION_3_0))[argc];
#else
  (void)argc;
  return 0;
#endif
}

Determining if the CL_VERSION_2_2 exist failed with the following output:
Change Dir: /Users/vedant_j/opencv-4.5.0/build/CMakeFiles/CMakeScratch/TryCompile-igdrbN

Run Build Command(s):/usr/bin/make -f Makefile cmTC_b385e/fast && /Library/Developer/CommandLineTools/usr/bin/make  -f CMakeFiles/cmTC_b385e.dir/build.make CMakeFiles/cmTC_b385e.dir/build
Building C object CMakeFiles/cmTC_b385e.dir/CheckSymbolExists.c.o
/Library/Developer/CommandLineTools/usr/bin/cc  -F/Library/Developer/CommandLineTools/SDKs/MacOSX13.3.sdk/System/Library/Frameworks -fsigned-char -W -Wall    -Wformat -Wmissing-declarations -Wmissing-prototypes -Wstrict-prototypes -Wundef -Winit-self -Wpointer-arith -Wshadow -Wsign-promo -Wuninitialized -Winit-self -Wno-delete-non-virtual-dtor -Wno-unnamed-type-template-args -Wno-comment -Wno-deprecated-enum-enum-conversion -Wno-deprecated-anon-enum-enum-conversion -fdiagnostics-show-option -Qunused-arguments -Wno-semicolon-before-method-body -ffunction-sections -fdata-sections    -fvisibility=hidden -fvisibility-inlines-hidden  -O3 -DNDEBUG  -DNDEBUG -arch arm64 -isysroot /Library/Developer/CommandLineTools/SDKs/MacOSX13.3.sdk -fPIE -MD -MT CMakeFiles/cmTC_b385e.dir/CheckSymbolExists.c.o -MF CMakeFiles/cmTC_b385e.dir/CheckSymbolExists.c.o.d -o CMakeFiles/cmTC_b385e.dir/CheckSymbolExists.c.o -c /Users/vedant_j/opencv-4.5.0/build/CMakeFiles/CMakeScratch/TryCompile-igdrbN/CheckSymbolExists.c
/Users/vedant_j/opencv-4.5.0/build/CMakeFiles/CMakeScratch/TryCompile-igdrbN/CheckSymbolExists.c:8:19: error: use of undeclared identifier 'CL_VERSION_2_2'
  return ((int*)(&CL_VERSION_2_2))[argc];
                  ^
1 error generated.
make[1]: *** [CMakeFiles/cmTC_b385e.dir/CheckSymbolExists.c.o] Error 1
make: *** [cmTC_b385e/fast] Error 2


File CheckSymbolExists.c:
/* */
#include </Library/Developer/CommandLineTools/SDKs/MacOSX13.3.sdk/System/Library/Frameworks/OpenCL.framework/Headers/cl.h>

int main(int argc, char** argv)
{
  (void)argv;
#ifndef CL_VERSION_2_2
  return ((int*)(&CL_VERSION_2_2))[argc];
#else
  (void)argc;
  return 0;
#endif
}

Determining if the CL_VERSION_2_1 exist failed with the following output:
Change Dir: /Users/vedant_j/opencv-4.5.0/build/CMakeFiles/CMakeScratch/TryCompile-aP0dFm

Run Build Command(s):/usr/bin/make -f Makefile cmTC_37bf5/fast && /Library/Developer/CommandLineTools/usr/bin/make  -f CMakeFiles/cmTC_37bf5.dir/build.make CMakeFiles/cmTC_37bf5.dir/build
Building C object CMakeFiles/cmTC_37bf5.dir/CheckSymbolExists.c.o
/Library/Developer/CommandLineTools/usr/bin/cc  -F/Library/Developer/CommandLineTools/SDKs/MacOSX13.3.sdk/System/Library/Frameworks -fsigned-char -W -Wall    -Wformat -Wmissing-declarations -Wmissing-prototypes -Wstrict-prototypes -Wundef -Winit-self -Wpointer-arith -Wshadow -Wsign-promo -Wuninitialized -Winit-self -Wno-delete-non-virtual-dtor -Wno-unnamed-type-template-args -Wno-comment -Wno-deprecated-enum-enum-conversion -Wno-deprecated-anon-enum-enum-conversion -fdiagnostics-show-option -Qunused-arguments -Wno-semicolon-before-method-body -ffunction-sections -fdata-sections    -fvisibility=hidden -fvisibility-inlines-hidden  -O3 -DNDEBUG  -DNDEBUG -arch arm64 -isysroot /Library/Developer/CommandLineTools/SDKs/MacOSX13.3.sdk -fPIE -MD -MT CMakeFiles/cmTC_37bf5.dir/CheckSymbolExists.c.o -MF CMakeFiles/cmTC_37bf5.dir/CheckSymbolExists.c.o.d -o CMakeFiles/cmTC_37bf5.dir/CheckSymbolExists.c.o -c /Users/vedant_j/opencv-4.5.0/build/CMakeFiles/CMakeScratch/TryCompile-aP0dFm/CheckSymbolExists.c
/Users/vedant_j/opencv-4.5.0/build/CMakeFiles/CMakeScratch/TryCompile-aP0dFm/CheckSymbolExists.c:8:19: error: use of undeclared identifier 'CL_VERSION_2_1'
  return ((int*)(&CL_VERSION_2_1))[argc];
                  ^
1 error generated.
make[1]: *** [CMakeFiles/cmTC_37bf5.dir/CheckSymbolExists.c.o] Error 1
make: *** [cmTC_37bf5/fast] Error 2


File CheckSymbolExists.c:
/* */
#include </Library/Developer/CommandLineTools/SDKs/MacOSX13.3.sdk/System/Library/Frameworks/OpenCL.framework/Headers/cl.h>

int main(int argc, char** argv)
{
  (void)argv;
#ifndef CL_VERSION_2_1
  return ((int*)(&CL_VERSION_2_1))[argc];
#else
  (void)argc;
  return 0;
#endif
}

Determining if the CL_VERSION_2_0 exist failed with the following output:
Change Dir: /Users/vedant_j/opencv-4.5.0/build/CMakeFiles/CMakeScratch/TryCompile-5lH5Hp

Run Build Command(s):/usr/bin/make -f Makefile cmTC_a455f/fast && /Library/Developer/CommandLineTools/usr/bin/make  -f CMakeFiles/cmTC_a455f.dir/build.make CMakeFiles/cmTC_a455f.dir/build
Building C object CMakeFiles/cmTC_a455f.dir/CheckSymbolExists.c.o
/Library/Developer/CommandLineTools/usr/bin/cc  -F/Library/Developer/CommandLineTools/SDKs/MacOSX13.3.sdk/System/Library/Frameworks -fsigned-char -W -Wall    -Wformat -Wmissing-declarations -Wmissing-prototypes -Wstrict-prototypes -Wundef -Winit-self -Wpointer-arith -Wshadow -Wsign-promo -Wuninitialized -Winit-self -Wno-delete-non-virtual-dtor -Wno-unnamed-type-template-args -Wno-comment -Wno-deprecated-enum-enum-conversion -Wno-deprecated-anon-enum-enum-conversion -fdiagnostics-show-option -Qunused-arguments -Wno-semicolon-before-method-body -ffunction-sections -fdata-sections    -fvisibility=hidden -fvisibility-inlines-hidden  -O3 -DNDEBUG  -DNDEBUG -arch arm64 -isysroot /Library/Developer/CommandLineTools/SDKs/MacOSX13.3.sdk -fPIE -MD -MT CMakeFiles/cmTC_a455f.dir/CheckSymbolExists.c.o -MF CMakeFiles/cmTC_a455f.dir/CheckSymbolExists.c.o.d -o CMakeFiles/cmTC_a455f.dir/CheckSymbolExists.c.o -c /Users/vedant_j/opencv-4.5.0/build/CMakeFiles/CMakeScratch/TryCompile-5lH5Hp/CheckSymbolExists.c
/Users/vedant_j/opencv-4.5.0/build/CMakeFiles/CMakeScratch/TryCompile-5lH5Hp/CheckSymbolExists.c:8:19: error: use of undeclared identifier 'CL_VERSION_2_0'
  return ((int*)(&CL_VERSION_2_0))[argc];
                  ^
1 error generated.
make[1]: *** [CMakeFiles/cmTC_a455f.dir/CheckSymbolExists.c.o] Error 1
make: *** [cmTC_a455f/fast] Error 2


File CheckSymbolExists.c:
/* */
#include </Library/Developer/CommandLineTools/SDKs/MacOSX13.3.sdk/System/Library/Frameworks/OpenCL.framework/Headers/cl.h>

int main(int argc, char** argv)
{
  (void)argv;
#ifndef CL_VERSION_2_0
  return ((int*)(&CL_VERSION_2_0))[argc];
#else
  (void)argc;
  return 0;
#endif
}

